==8240== Memcheck, a memory error detector
==8240== Copyright (C) 2002-2022, and GNU GPL'd, by Julian Seward et al.
==8240== Using Valgrind-3.21.0 and LibVEX; rerun with -h for copyright info
==8240== Command: ./ex18_4 1 3 2
==8240== Parent PID: 5165
==8240== 
==8240== Jump to the invalid address stated on the next line
==8240==    at 0x0: ???
==8240==    by 0x10947E: test_sorting (ex18_4.c:64)
==8240==    by 0x10960C: main (ex18_4.c:92)
==8240==  Address 0x0 is not stack'd, malloc'd or (recently) free'd
==8240== 
==8240== 
==8240== Process terminating with default action of signal 11 (SIGSEGV)
==8240==  Bad permissions for mapped region at address 0x0
==8240==    at 0x0: ???
==8240==    by 0x10947E: test_sorting (ex18_4.c:64)
==8240==    by 0x10960C: main (ex18_4.c:92)
==8240== 
==8240== HEAP SUMMARY:
==8240==     in use at exit: 1,048 bytes in 3 blocks
==8240==   total heap usage: 6 allocs, 3 frees, 1,084 bytes allocated
==8240== 
==8240== LEAK SUMMARY:
==8240==    definitely lost: 0 bytes in 0 blocks
==8240==    indirectly lost: 0 bytes in 0 blocks
==8240==      possibly lost: 0 bytes in 0 blocks
==8240==    still reachable: 1,048 bytes in 3 blocks
==8240==         suppressed: 0 bytes in 0 blocks
==8240== Rerun with --leak-check=full to see details of leaked memory
==8240== 
==8240== For lists of detected and suppressed errors, rerun with: -s
==8240== ERROR SUMMARY: 1 errors from 1 contexts (suppressed: 0 from 0)
